BotoneraForgottera_stickers_v2/BotoneraForgottera/app/build/intermediates/manifest_merge_blame_file/debug/manifest-merger-blame-debug-report.txt
1<?xml version="1.0" encoding="utf-8"?>
2<manifest xmlns:android="http://schemas.android.com/apk/res/android"
3    package="martin.botoneraforgottera"
4    android:versionCode="1"
5    android:versionName="1.0" >
6
7    <uses-sdk
8        android:minSdkVersion="15"
8-->src\main\AndroidManifest.xml
9        android:targetSdkVersion="29" />
9-->src\main\AndroidManifest.xml
10
11    <uses-permission android:name="android.permission.WRITE_EXTERNAL_STORAGE" />
11-->src\main\AndroidManifest.xml:5:2-78
11-->src\main\AndroidManifest.xml:5:19-75
12
13    <application
13-->src\main\AndroidManifest.xml:6:2-30:16
14        android:allowBackup="true"
14-->src\main\AndroidManifest.xml:7:3-29
15        android:appComponentFactory="androidx.core.app.CoreComponentFactory"
15-->[androidx.core:core:1.1.0] AndroidManifest.xml:24:18-86
16        android:debuggable="true"
17        android:icon="@mipmap/ic_launcher"
17-->src\main\AndroidManifest.xml:8:3-37
18        android:label="@string/app_name"
18-->src\main\AndroidManifest.xml:9:3-35
19        android:roundIcon="@mipmap/ic_launcher_round"
19-->src\main\AndroidManifest.xml:10:3-48
20        android:supportsRtl="true"
20-->src\main\AndroidManifest.xml:11:3-29
21        android:testOnly="true"
22        android:theme="@style/AppTheme" >
22-->src\main\AndroidManifest.xml:12:3-34
23        <activity android:name="martin.botoneraforgottera.Activities.MainActivity" >
23-->src\main\AndroidManifest.xml:13:3-18:14
23-->src\main\AndroidManifest.xml:13:13-52
24            <intent-filter>
24-->src\main\AndroidManifest.xml:14:4-17:20
25                <action android:name="android.intent.action.MAIN" />
25-->src\main\AndroidManifest.xml:15:5-57
25-->src\main\AndroidManifest.xml:15:13-54
26
27                <category android:name="android.intent.category.LAUNCHER" />
27-->src\main\AndroidManifest.xml:16:5-65
27-->src\main\AndroidManifest.xml:16:15-62
28            </intent-filter>
29        </activity>
30        <!-- - - - - - 	Agregamos nuestro FileProvider       - - - - - -->
31        <provider
32            android:name="androidx.core.content.FileProvider"
32-->src\main\AndroidManifest.xml:21:4-53
33            android:authorities="martin.botoneraforgottera.myfileprovider"
33-->src\main\AndroidManifest.xml:22:4-57
34            android:exported="false"
34-->src\main\AndroidManifest.xml:23:4-28
35            android:grantUriPermissions="true" >
35-->src\main\AndroidManifest.xml:24:4-38
36            <meta-data
36-->src\main\AndroidManifest.xml:25:4-27:41
37                android:name="android.support.FILE_PROVIDER_PATHS"
37-->src\main\AndroidManifest.xml:26:5-55
38                android:resource="@xml/filepaths" />
38-->src\main\AndroidManifest.xml:27:5-38
39        </provider>
40        <!-- - - - - - - - - - - - - - - - - - - - - - - - - - - - - - - - - - -->
41    </application>
42
43</manifest>